2025-01-16T16:52:48.956+03:00  INFO 7816 --- [kafka] [restartedMain] com.demo.kafka.KafkaApplication          : Starting KafkaApplication using Java 22.0.1 with PID 7816 (C:\Users\45868582848\IdeaProjects\kafka\target\classes started by 45868582848 in C:\Users\45868582848\IdeaProjects\kafka)
2025-01-16T16:52:48.979+03:00  INFO 7816 --- [kafka] [restartedMain] com.demo.kafka.KafkaApplication          : No active profile set, falling back to 1 default profile: "default"
2025-01-16T16:52:49.072+03:00  INFO 7816 --- [kafka] [restartedMain] .e.DevToolsPropertyDefaultsPostProcessor : Devtools property defaults active! Set 'spring.devtools.add-properties' to 'false' to disable
2025-01-16T16:52:49.072+03:00  INFO 7816 --- [kafka] [restartedMain] .e.DevToolsPropertyDefaultsPostProcessor : For additional web related logging consider setting the 'logging.level.web' property to 'DEBUG'
2025-01-16T16:52:50.331+03:00  INFO 7816 --- [kafka] [restartedMain] .s.d.r.c.RepositoryConfigurationDelegate : Bootstrapping Spring Data JPA repositories in DEFAULT mode.
2025-01-16T16:52:50.423+03:00  INFO 7816 --- [kafka] [restartedMain] .s.d.r.c.RepositoryConfigurationDelegate : Finished Spring Data repository scanning in 81 ms. Found 5 JPA repository interfaces.
2025-01-16T16:52:51.311+03:00  INFO 7816 --- [kafka] [restartedMain] o.s.b.w.embedded.tomcat.TomcatWebServer  : Tomcat initialized with port 8080 (http)
2025-01-16T16:52:51.333+03:00  INFO 7816 --- [kafka] [restartedMain] o.apache.catalina.core.StandardService   : Starting service [Tomcat]
2025-01-16T16:52:51.333+03:00  INFO 7816 --- [kafka] [restartedMain] o.apache.catalina.core.StandardEngine    : Starting Servlet engine: [Apache Tomcat/10.1.28]
2025-01-16T16:52:51.398+03:00  INFO 7816 --- [kafka] [restartedMain] o.a.c.c.C.[Tomcat].[localhost].[/]       : Initializing Spring embedded WebApplicationContext
2025-01-16T16:52:51.398+03:00  INFO 7816 --- [kafka] [restartedMain] w.s.c.ServletWebServerApplicationContext : Root WebApplicationContext: initialization completed in 2325 ms
2025-01-16T16:52:51.656+03:00  INFO 7816 --- [kafka] [restartedMain] o.hibernate.jpa.internal.util.LogHelper  : HHH000204: Processing PersistenceUnitInfo [name: default]
2025-01-16T16:52:51.767+03:00  INFO 7816 --- [kafka] [restartedMain] org.hibernate.Version                    : HHH000412: Hibernate ORM core version 6.5.2.Final
2025-01-16T16:52:51.814+03:00  INFO 7816 --- [kafka] [restartedMain] o.h.c.internal.RegionFactoryInitiator    : HHH000026: Second-level cache disabled
2025-01-16T16:52:52.197+03:00  INFO 7816 --- [kafka] [restartedMain] o.s.o.j.p.SpringPersistenceUnitInfo      : No LoadTimeWeaver setup: ignoring JPA class transformer
2025-01-16T16:52:52.229+03:00  INFO 7816 --- [kafka] [restartedMain] com.zaxxer.hikari.HikariDataSource       : HikariPool-1 - Starting...
2025-01-16T16:52:52.629+03:00  INFO 7816 --- [kafka] [restartedMain] com.zaxxer.hikari.pool.HikariPool        : HikariPool-1 - Added connection org.postgresql.jdbc.PgConnection@56d327ee
2025-01-16T16:52:52.632+03:00  INFO 7816 --- [kafka] [restartedMain] com.zaxxer.hikari.HikariDataSource       : HikariPool-1 - Start completed.
2025-01-16T16:52:53.727+03:00  INFO 7816 --- [kafka] [restartedMain] o.h.e.t.j.p.i.JtaPlatformInitiator       : HHH000489: No JTA platform available (set 'hibernate.transaction.jta.platform' to enable JTA platform integration)
2025-01-16T16:52:53.730+03:00  INFO 7816 --- [kafka] [restartedMain] j.LocalContainerEntityManagerFactoryBean : Initialized JPA EntityManagerFactory for persistence unit 'default'
2025-01-16T16:52:54.492+03:00  WARN 7816 --- [kafka] [restartedMain] JpaBaseConfiguration$JpaWebConfiguration : spring.jpa.open-in-view is enabled by default. Therefore, database queries may be performed during view rendering. Explicitly configure spring.jpa.open-in-view to disable this warning
2025-01-16T16:52:55.097+03:00  INFO 7816 --- [kafka] [restartedMain] o.s.b.d.a.OptionalLiveReloadServer       : LiveReload server is running on port 35729
2025-01-16T16:52:55.189+03:00  INFO 7816 --- [kafka] [restartedMain] o.s.b.w.embedded.tomcat.TomcatWebServer  : Tomcat started on port 8080 (http) with context path '/'
2025-01-16T16:52:55.249+03:00  INFO 7816 --- [kafka] [restartedMain] o.a.k.clients.consumer.ConsumerConfig    : ConsumerConfig values: 
	allow.auto.create.topics = true
	auto.commit.interval.ms = 5000
	auto.include.jmx.reporter = true
	auto.offset.reset = latest
	bootstrap.servers = [https://tcdd-kafka-kafka-listener1-bootstrap-tcdd-amq-streams-kafka.apps.ocp.tcdd.gov.tr:443]
	check.crcs = true
	client.dns.lookup = use_all_dns_ips
	client.id = consumer-my-group-1
	client.rack = 
	connections.max.idle.ms = 540000
	default.api.timeout.ms = 60000
	enable.auto.commit = false
	enable.metrics.push = true
	exclude.internal.topics = true
	fetch.max.bytes = 52428800
	fetch.max.wait.ms = 500
	fetch.min.bytes = 1
	group.id = my-group
	group.instance.id = null
	group.protocol = classic
	group.remote.assignor = null
	heartbeat.interval.ms = 3000
	interceptor.classes = []
	internal.leave.group.on.close = true
	internal.throw.on.fetch.stable.offset.unsupported = false
	isolation.level = read_uncommitted
	key.deserializer = class org.apache.kafka.common.serialization.StringDeserializer
	max.partition.fetch.bytes = 1048576
	max.poll.interval.ms = 300000
	max.poll.records = 500
	metadata.max.age.ms = 300000
	metric.reporters = []
	metrics.num.samples = 2
	metrics.recording.level = INFO
	metrics.sample.window.ms = 30000
	partition.assignment.strategy = [class org.apache.kafka.clients.consumer.RangeAssignor, class org.apache.kafka.clients.consumer.CooperativeStickyAssignor]
	receive.buffer.bytes = 65536
	reconnect.backoff.max.ms = 1000
	reconnect.backoff.ms = 50
	request.timeout.ms = 30000
	retry.backoff.max.ms = 1000
	retry.backoff.ms = 100
	sasl.client.callback.handler.class = null
	sasl.jaas.config = null
	sasl.kerberos.kinit.cmd = /usr/bin/kinit
	sasl.kerberos.min.time.before.relogin = 60000
	sasl.kerberos.service.name = null
	sasl.kerberos.ticket.renew.jitter = 0.05
	sasl.kerberos.ticket.renew.window.factor = 0.8
	sasl.login.callback.handler.class = null
	sasl.login.class = null
	sasl.login.connect.timeout.ms = null
	sasl.login.read.timeout.ms = null
	sasl.login.refresh.buffer.seconds = 300
	sasl.login.refresh.min.period.seconds = 60
	sasl.login.refresh.window.factor = 0.8
	sasl.login.refresh.window.jitter = 0.05
	sasl.login.retry.backoff.max.ms = 10000
	sasl.login.retry.backoff.ms = 100
	sasl.mechanism = GSSAPI
	sasl.oauthbearer.clock.skew.seconds = 30
	sasl.oauthbearer.expected.audience = null
	sasl.oauthbearer.expected.issuer = null
	sasl.oauthbearer.jwks.endpoint.refresh.ms = 3600000
	sasl.oauthbearer.jwks.endpoint.retry.backoff.max.ms = 10000
	sasl.oauthbearer.jwks.endpoint.retry.backoff.ms = 100
	sasl.oauthbearer.jwks.endpoint.url = null
	sasl.oauthbearer.scope.claim.name = scope
	sasl.oauthbearer.sub.claim.name = sub
	sasl.oauthbearer.token.endpoint.url = null
	security.protocol = SSL
	security.providers = null
	send.buffer.bytes = 131072
	session.timeout.ms = 45000
	socket.connection.setup.timeout.max.ms = 30000
	socket.connection.setup.timeout.ms = 10000
	ssl.cipher.suites = null
	ssl.enabled.protocols = [TLSv1.2, TLSv1.3]
	ssl.endpoint.identification.algorithm = https
	ssl.engine.factory.class = null
	ssl.key.password = null
	ssl.keymanager.algorithm = SunX509
	ssl.keystore.certificate.chain = null
	ssl.keystore.key = null
	ssl.keystore.location = C:\Users\45868582848\Desktop\ssl\user.p12
	ssl.keystore.password = [hidden]
	ssl.keystore.type = PKCS12
	ssl.protocol = TLSv1.3
	ssl.provider = null
	ssl.secure.random.implementation = null
	ssl.trustmanager.algorithm = PKIX
	ssl.truststore.certificates = null
	ssl.truststore.location = C:\Users\45868582848\Desktop\ssl\ca.p12
	ssl.truststore.password = [hidden]
	ssl.truststore.type = PKCS12
	value.deserializer = class org.apache.kafka.common.serialization.StringDeserializer

2025-01-16T16:52:55.317+03:00  INFO 7816 --- [kafka] [restartedMain] o.a.k.c.t.i.KafkaMetricsCollector        : initializing Kafka metrics collector
2025-01-16T16:52:55.678+03:00  INFO 7816 --- [kafka] [restartedMain] o.a.kafka.common.utils.AppInfoParser     : Kafka version: 3.7.1
2025-01-16T16:52:55.678+03:00  INFO 7816 --- [kafka] [restartedMain] o.a.kafka.common.utils.AppInfoParser     : Kafka commitId: e2494e6ffb89f828
2025-01-16T16:52:55.678+03:00  INFO 7816 --- [kafka] [restartedMain] o.a.kafka.common.utils.AppInfoParser     : Kafka startTimeMs: 1737035575677
2025-01-16T16:52:55.682+03:00  INFO 7816 --- [kafka] [restartedMain] o.a.k.c.c.internals.LegacyKafkaConsumer  : [Consumer clientId=consumer-my-group-1, groupId=my-group] Subscribed to topic(s): test-topic
2025-01-16T16:52:55.704+03:00  INFO 7816 --- [kafka] [restartedMain] com.demo.kafka.KafkaApplication          : Started KafkaApplication in 7.539 seconds (process running for 8.348)
2025-01-16T16:52:55.923+03:00  INFO 7816 --- [kafka] [scheduling-1] o.a.k.clients.consumer.ConsumerConfig    : ConsumerConfig values: 
	allow.auto.create.topics = true
	auto.commit.interval.ms = 5000
	auto.include.jmx.reporter = true
	auto.offset.reset = latest
	bootstrap.servers = [https://tcdd-kafka-kafka-listener1-bootstrap-tcdd-amq-streams-kafka.apps.ocp.tcdd.gov.tr:443]
	check.crcs = true
	client.dns.lookup = use_all_dns_ips
	client.id = consumer-dynamic-group-2
	client.rack = 
	connections.max.idle.ms = 540000
	default.api.timeout.ms = 60000
	enable.auto.commit = false
	enable.metrics.push = true
	exclude.internal.topics = true
	fetch.max.bytes = 52428800
	fetch.max.wait.ms = 500
	fetch.min.bytes = 1
	group.id = dynamic-group
	group.instance.id = null
	group.protocol = classic
	group.remote.assignor = null
	heartbeat.interval.ms = 3000
	interceptor.classes = []
	internal.leave.group.on.close = true
	internal.throw.on.fetch.stable.offset.unsupported = false
	isolation.level = read_uncommitted
	key.deserializer = class org.apache.kafka.common.serialization.StringDeserializer
	max.partition.fetch.bytes = 1048576
	max.poll.interval.ms = 300000
	max.poll.records = 500
	metadata.max.age.ms = 300000
	metric.reporters = []
	metrics.num.samples = 2
	metrics.recording.level = INFO
	metrics.sample.window.ms = 30000
	partition.assignment.strategy = [class org.apache.kafka.clients.consumer.RangeAssignor, class org.apache.kafka.clients.consumer.CooperativeStickyAssignor]
	receive.buffer.bytes = 65536
	reconnect.backoff.max.ms = 1000
	reconnect.backoff.ms = 50
	request.timeout.ms = 30000
	retry.backoff.max.ms = 1000
	retry.backoff.ms = 100
	sasl.client.callback.handler.class = null
	sasl.jaas.config = null
	sasl.kerberos.kinit.cmd = /usr/bin/kinit
	sasl.kerberos.min.time.before.relogin = 60000
	sasl.kerberos.service.name = null
	sasl.kerberos.ticket.renew.jitter = 0.05
	sasl.kerberos.ticket.renew.window.factor = 0.8
	sasl.login.callback.handler.class = null
	sasl.login.class = null
	sasl.login.connect.timeout.ms = null
	sasl.login.read.timeout.ms = null
	sasl.login.refresh.buffer.seconds = 300
	sasl.login.refresh.min.period.seconds = 60
	sasl.login.refresh.window.factor = 0.8
	sasl.login.refresh.window.jitter = 0.05
	sasl.login.retry.backoff.max.ms = 10000
	sasl.login.retry.backoff.ms = 100
	sasl.mechanism = GSSAPI
	sasl.oauthbearer.clock.skew.seconds = 30
	sasl.oauthbearer.expected.audience = null
	sasl.oauthbearer.expected.issuer = null
	sasl.oauthbearer.jwks.endpoint.refresh.ms = 3600000
	sasl.oauthbearer.jwks.endpoint.retry.backoff.max.ms = 10000
	sasl.oauthbearer.jwks.endpoint.retry.backoff.ms = 100
	sasl.oauthbearer.jwks.endpoint.url = null
	sasl.oauthbearer.scope.claim.name = scope
	sasl.oauthbearer.sub.claim.name = sub
	sasl.oauthbearer.token.endpoint.url = null
	security.protocol = SSL
	security.providers = null
	send.buffer.bytes = 131072
	session.timeout.ms = 45000
	socket.connection.setup.timeout.max.ms = 30000
	socket.connection.setup.timeout.ms = 10000
	ssl.cipher.suites = null
	ssl.enabled.protocols = [TLSv1.2, TLSv1.3]
	ssl.endpoint.identification.algorithm = https
	ssl.engine.factory.class = null
	ssl.key.password = null
	ssl.keymanager.algorithm = SunX509
	ssl.keystore.certificate.chain = null
	ssl.keystore.key = null
	ssl.keystore.location = C:\Users\45868582848\Desktop\ssl\user.p12
	ssl.keystore.password = [hidden]
	ssl.keystore.type = PKCS12
	ssl.protocol = TLSv1.3
	ssl.provider = null
	ssl.secure.random.implementation = null
	ssl.trustmanager.algorithm = PKIX
	ssl.truststore.certificates = null
	ssl.truststore.location = C:\Users\45868582848\Desktop\ssl\ca.p12
	ssl.truststore.password = [hidden]
	ssl.truststore.type = PKCS12
	value.deserializer = class org.apache.kafka.common.serialization.StringDeserializer

2025-01-16T16:52:55.924+03:00  INFO 7816 --- [kafka] [scheduling-1] o.a.k.c.t.i.KafkaMetricsCollector        : initializing Kafka metrics collector
2025-01-16T16:52:55.974+03:00  INFO 7816 --- [kafka] [scheduling-1] o.a.kafka.common.utils.AppInfoParser     : Kafka version: 3.7.1
2025-01-16T16:52:55.975+03:00  INFO 7816 --- [kafka] [scheduling-1] o.a.kafka.common.utils.AppInfoParser     : Kafka commitId: e2494e6ffb89f828
2025-01-16T16:52:55.976+03:00  INFO 7816 --- [kafka] [scheduling-1] o.a.kafka.common.utils.AppInfoParser     : Kafka startTimeMs: 1737035575974
2025-01-16T16:52:55.976+03:00  INFO 7816 --- [kafka] [scheduling-1] o.a.k.c.c.internals.LegacyKafkaConsumer  : [Consumer clientId=consumer-dynamic-group-2, groupId=dynamic-group] Subscribed to topic(s): test-topic
2025-01-16T16:52:56.454+03:00  INFO 7816 --- [kafka] [org.springframework.kafka.KafkaListenerEndpointContainer#0-0-C-1] org.apache.kafka.clients.Metadata        : [Consumer clientId=consumer-my-group-1, groupId=my-group] Cluster ID: 63qcyjAGSXekLTVKL9AVOw
2025-01-16T16:52:56.454+03:00  INFO 7816 --- [kafka] [noBeanNameSet-0-C-1] org.apache.kafka.clients.Metadata        : [Consumer clientId=consumer-dynamic-group-2, groupId=dynamic-group] Cluster ID: 63qcyjAGSXekLTVKL9AVOw
2025-01-16T16:52:56.456+03:00  INFO 7816 --- [kafka] [noBeanNameSet-0-C-1] o.a.k.c.c.internals.ConsumerCoordinator  : [Consumer clientId=consumer-dynamic-group-2, groupId=dynamic-group] Discovered group coordinator tcdd-kafka-kafka-listener1-1-tcdd-amq-streams-kafka.apps.ocp.tcdd.gov.tr:443 (id: 2147483646 rack: null)
2025-01-16T16:52:56.456+03:00  INFO 7816 --- [kafka] [org.springframework.kafka.KafkaListenerEndpointContainer#0-0-C-1] o.a.k.c.c.internals.ConsumerCoordinator  : [Consumer clientId=consumer-my-group-1, groupId=my-group] Discovered group coordinator tcdd-kafka-kafka-listener1-2-tcdd-amq-streams-kafka.apps.ocp.tcdd.gov.tr:443 (id: 2147483645 rack: null)
2025-01-16T16:52:56.462+03:00  INFO 7816 --- [kafka] [org.springframework.kafka.KafkaListenerEndpointContainer#0-0-C-1] o.a.k.c.c.internals.ConsumerCoordinator  : [Consumer clientId=consumer-my-group-1, groupId=my-group] (Re-)joining group
2025-01-16T16:52:56.462+03:00  INFO 7816 --- [kafka] [noBeanNameSet-0-C-1] o.a.k.c.c.internals.ConsumerCoordinator  : [Consumer clientId=consumer-dynamic-group-2, groupId=dynamic-group] (Re-)joining group
2025-01-16T16:52:56.527+03:00  INFO 7816 --- [kafka] [noBeanNameSet-0-C-1] o.a.k.c.c.internals.ConsumerCoordinator  : [Consumer clientId=consumer-dynamic-group-2, groupId=dynamic-group] Request joining group due to: need to re-join with the given member-id: consumer-dynamic-group-2-dd7e3b26-385f-4b0a-8b5a-ac1c5db2304d
2025-01-16T16:52:56.527+03:00  INFO 7816 --- [kafka] [noBeanNameSet-0-C-1] o.a.k.c.c.internals.ConsumerCoordinator  : [Consumer clientId=consumer-dynamic-group-2, groupId=dynamic-group] (Re-)joining group
2025-01-16T16:52:56.532+03:00  INFO 7816 --- [kafka] [org.springframework.kafka.KafkaListenerEndpointContainer#0-0-C-1] o.a.k.c.c.internals.ConsumerCoordinator  : [Consumer clientId=consumer-my-group-1, groupId=my-group] Request joining group due to: need to re-join with the given member-id: consumer-my-group-1-77ecabbf-7326-4050-8427-f586b2b081d6
2025-01-16T16:52:56.533+03:00  INFO 7816 --- [kafka] [org.springframework.kafka.KafkaListenerEndpointContainer#0-0-C-1] o.a.k.c.c.internals.ConsumerCoordinator  : [Consumer clientId=consumer-my-group-1, groupId=my-group] (Re-)joining group
2025-01-16T16:52:59.534+03:00  INFO 7816 --- [kafka] [noBeanNameSet-0-C-1] o.a.k.c.c.internals.ConsumerCoordinator  : [Consumer clientId=consumer-dynamic-group-2, groupId=dynamic-group] Successfully joined group with generation Generation{generationId=37, memberId='consumer-dynamic-group-2-dd7e3b26-385f-4b0a-8b5a-ac1c5db2304d', protocol='range'}
2025-01-16T16:52:59.540+03:00  INFO 7816 --- [kafka] [org.springframework.kafka.KafkaListenerEndpointContainer#0-0-C-1] o.a.k.c.c.internals.ConsumerCoordinator  : [Consumer clientId=consumer-my-group-1, groupId=my-group] Successfully joined group with generation Generation{generationId=89, memberId='consumer-my-group-1-77ecabbf-7326-4050-8427-f586b2b081d6', protocol='range'}
2025-01-16T16:52:59.540+03:00  INFO 7816 --- [kafka] [org.springframework.kafka.KafkaListenerEndpointContainer#0-0-C-1] o.a.k.c.c.internals.ConsumerCoordinator  : [Consumer clientId=consumer-my-group-1, groupId=my-group] Finished assignment for group at generation 89: {consumer-my-group-1-77ecabbf-7326-4050-8427-f586b2b081d6=Assignment(partitions=[test-topic-0])}
2025-01-16T16:52:59.540+03:00  INFO 7816 --- [kafka] [noBeanNameSet-0-C-1] o.a.k.c.c.internals.ConsumerCoordinator  : [Consumer clientId=consumer-dynamic-group-2, groupId=dynamic-group] Finished assignment for group at generation 37: {consumer-dynamic-group-2-dd7e3b26-385f-4b0a-8b5a-ac1c5db2304d=Assignment(partitions=[test-topic-0])}
2025-01-16T16:52:59.555+03:00  INFO 7816 --- [kafka] [org.springframework.kafka.KafkaListenerEndpointContainer#0-0-C-1] o.a.k.c.c.internals.ConsumerCoordinator  : [Consumer clientId=consumer-my-group-1, groupId=my-group] Successfully synced group in generation Generation{generationId=89, memberId='consumer-my-group-1-77ecabbf-7326-4050-8427-f586b2b081d6', protocol='range'}
2025-01-16T16:52:59.555+03:00  INFO 7816 --- [kafka] [noBeanNameSet-0-C-1] o.a.k.c.c.internals.ConsumerCoordinator  : [Consumer clientId=consumer-dynamic-group-2, groupId=dynamic-group] Successfully synced group in generation Generation{generationId=37, memberId='consumer-dynamic-group-2-dd7e3b26-385f-4b0a-8b5a-ac1c5db2304d', protocol='range'}
2025-01-16T16:52:59.555+03:00  INFO 7816 --- [kafka] [org.springframework.kafka.KafkaListenerEndpointContainer#0-0-C-1] o.a.k.c.c.internals.ConsumerCoordinator  : [Consumer clientId=consumer-my-group-1, groupId=my-group] Notifying assignor about the new Assignment(partitions=[test-topic-0])
2025-01-16T16:52:59.555+03:00  INFO 7816 --- [kafka] [noBeanNameSet-0-C-1] o.a.k.c.c.internals.ConsumerCoordinator  : [Consumer clientId=consumer-dynamic-group-2, groupId=dynamic-group] Notifying assignor about the new Assignment(partitions=[test-topic-0])
2025-01-16T16:52:59.558+03:00  INFO 7816 --- [kafka] [noBeanNameSet-0-C-1] k.c.c.i.ConsumerRebalanceListenerInvoker : [Consumer clientId=consumer-dynamic-group-2, groupId=dynamic-group] Adding newly assigned partitions: test-topic-0
2025-01-16T16:52:59.558+03:00  INFO 7816 --- [kafka] [org.springframework.kafka.KafkaListenerEndpointContainer#0-0-C-1] k.c.c.i.ConsumerRebalanceListenerInvoker : [Consumer clientId=consumer-my-group-1, groupId=my-group] Adding newly assigned partitions: test-topic-0
2025-01-16T16:52:59.564+03:00  INFO 7816 --- [kafka] [noBeanNameSet-0-C-1] o.s.k.l.KafkaMessageListenerContainer    : dynamic-group: partitions assigned: [test-topic-0]
2025-01-16T16:52:59.574+03:00  INFO 7816 --- [kafka] [org.springframework.kafka.KafkaListenerEndpointContainer#0-0-C-1] o.a.k.c.c.internals.ConsumerUtils        : Setting offset for partition test-topic-0 to the committed offset FetchPosition{offset=30, offsetEpoch=Optional.empty, currentLeader=LeaderAndEpoch{leader=Optional[tcdd-kafka-kafka-listener1-2-tcdd-amq-streams-kafka.apps.ocp.tcdd.gov.tr:443 (id: 2 rack: null)], epoch=15}}
2025-01-16T16:52:59.574+03:00  INFO 7816 --- [kafka] [noBeanNameSet-0-C-1] o.a.k.c.c.internals.ConsumerUtils        : Setting offset for partition test-topic-0 to the committed offset FetchPosition{offset=30, offsetEpoch=Optional.empty, currentLeader=LeaderAndEpoch{leader=Optional[tcdd-kafka-kafka-listener1-2-tcdd-amq-streams-kafka.apps.ocp.tcdd.gov.tr:443 (id: 2 rack: null)], epoch=15}}
2025-01-16T16:52:59.575+03:00  INFO 7816 --- [kafka] [org.springframework.kafka.KafkaListenerEndpointContainer#0-0-C-1] o.s.k.l.KafkaMessageListenerContainer    : my-group: partitions assigned: [test-topic-0]
2025-01-16T16:53:04.859+03:00  INFO 7816 --- [kafka] [org.springframework.kafka.KafkaListenerEndpointContainer#0-0-C-1] k.c.c.i.ConsumerRebalanceListenerInvoker : [Consumer clientId=consumer-my-group-1, groupId=my-group] Revoke previously assigned partitions test-topic-0
2025-01-16T16:53:04.859+03:00  INFO 7816 --- [kafka] [org.springframework.kafka.KafkaListenerEndpointContainer#0-0-C-1] o.s.k.l.KafkaMessageListenerContainer    : my-group: partitions revoked: [test-topic-0]
2025-01-16T16:53:04.860+03:00  INFO 7816 --- [kafka] [org.springframework.kafka.KafkaListenerEndpointContainer#0-0-C-1] o.a.k.c.c.internals.ConsumerCoordinator  : [Consumer clientId=consumer-my-group-1, groupId=my-group] Member consumer-my-group-1-77ecabbf-7326-4050-8427-f586b2b081d6 sending LeaveGroup request to coordinator tcdd-kafka-kafka-listener1-2-tcdd-amq-streams-kafka.apps.ocp.tcdd.gov.tr:443 (id: 2147483645 rack: null) due to the consumer unsubscribed from all topics
2025-01-16T16:53:04.861+03:00  INFO 7816 --- [kafka] [org.springframework.kafka.KafkaListenerEndpointContainer#0-0-C-1] o.a.k.c.c.internals.ConsumerCoordinator  : [Consumer clientId=consumer-my-group-1, groupId=my-group] Resetting generation and member id due to: consumer pro-actively leaving the group
2025-01-16T16:53:04.861+03:00  INFO 7816 --- [kafka] [org.springframework.kafka.KafkaListenerEndpointContainer#0-0-C-1] o.a.k.c.c.internals.ConsumerCoordinator  : [Consumer clientId=consumer-my-group-1, groupId=my-group] Request joining group due to: consumer pro-actively leaving the group
2025-01-16T16:53:04.861+03:00  INFO 7816 --- [kafka] [org.springframework.kafka.KafkaListenerEndpointContainer#0-0-C-1] o.a.k.c.c.internals.LegacyKafkaConsumer  : [Consumer clientId=consumer-my-group-1, groupId=my-group] Unsubscribed all topics or patterns and assigned partitions
2025-01-16T16:53:04.863+03:00  INFO 7816 --- [kafka] [org.springframework.kafka.KafkaListenerEndpointContainer#0-0-C-1] o.a.k.c.c.internals.ConsumerCoordinator  : [Consumer clientId=consumer-my-group-1, groupId=my-group] Resetting generation and member id due to: consumer pro-actively leaving the group
2025-01-16T16:53:04.863+03:00  INFO 7816 --- [kafka] [org.springframework.kafka.KafkaListenerEndpointContainer#0-0-C-1] o.a.k.c.c.internals.ConsumerCoordinator  : [Consumer clientId=consumer-my-group-1, groupId=my-group] Request joining group due to: consumer pro-actively leaving the group
2025-01-16T16:53:05.187+03:00  INFO 7816 --- [kafka] [org.springframework.kafka.KafkaListenerEndpointContainer#0-0-C-1] o.apache.kafka.common.metrics.Metrics    : Metrics scheduler closed
2025-01-16T16:53:05.187+03:00  INFO 7816 --- [kafka] [org.springframework.kafka.KafkaListenerEndpointContainer#0-0-C-1] o.apache.kafka.common.metrics.Metrics    : Closing reporter org.apache.kafka.common.metrics.JmxReporter
2025-01-16T16:53:05.187+03:00  INFO 7816 --- [kafka] [org.springframework.kafka.KafkaListenerEndpointContainer#0-0-C-1] o.apache.kafka.common.metrics.Metrics    : Closing reporter org.apache.kafka.common.telemetry.internals.ClientTelemetryReporter
2025-01-16T16:53:05.187+03:00  INFO 7816 --- [kafka] [org.springframework.kafka.KafkaListenerEndpointContainer#0-0-C-1] o.apache.kafka.common.metrics.Metrics    : Metrics reporters closed
2025-01-16T16:53:05.195+03:00  INFO 7816 --- [kafka] [org.springframework.kafka.KafkaListenerEndpointContainer#0-0-C-1] o.a.kafka.common.utils.AppInfoParser     : App info kafka.consumer for consumer-my-group-1 unregistered
2025-01-16T16:53:05.195+03:00  INFO 7816 --- [kafka] [org.springframework.kafka.KafkaListenerEndpointContainer#0-0-C-1] o.s.k.l.KafkaMessageListenerContainer    : my-group: Consumer stopped
2025-01-16T16:53:05.207+03:00  INFO 7816 --- [kafka] [SpringApplicationShutdownHook] j.LocalContainerEntityManagerFactoryBean : Closing JPA EntityManagerFactory for persistence unit 'default'
2025-01-16T16:53:05.223+03:00  INFO 7816 --- [kafka] [SpringApplicationShutdownHook] com.zaxxer.hikari.HikariDataSource       : HikariPool-1 - Shutdown initiated...
2025-01-16T16:53:05.245+03:00  INFO 7816 --- [kafka] [SpringApplicationShutdownHook] com.zaxxer.hikari.HikariDataSource       : HikariPool-1 - Shutdown completed.
2025-01-16T16:53:31.006+03:00  INFO 7616 --- [kafka] [restartedMain] com.demo.kafka.KafkaApplication          : Starting KafkaApplication using Java 22.0.1 with PID 7616 (C:\Users\45868582848\IdeaProjects\kafka\target\classes started by 45868582848 in C:\Users\45868582848\IdeaProjects\kafka)
2025-01-16T16:53:31.009+03:00  INFO 7616 --- [kafka] [restartedMain] com.demo.kafka.KafkaApplication          : No active profile set, falling back to 1 default profile: "default"
2025-01-16T16:53:31.066+03:00  INFO 7616 --- [kafka] [restartedMain] .e.DevToolsPropertyDefaultsPostProcessor : Devtools property defaults active! Set 'spring.devtools.add-properties' to 'false' to disable
2025-01-16T16:53:31.066+03:00  INFO 7616 --- [kafka] [restartedMain] .e.DevToolsPropertyDefaultsPostProcessor : For additional web related logging consider setting the 'logging.level.web' property to 'DEBUG'
2025-01-16T16:53:32.052+03:00  INFO 7616 --- [kafka] [restartedMain] .s.d.r.c.RepositoryConfigurationDelegate : Bootstrapping Spring Data JPA repositories in DEFAULT mode.
2025-01-16T16:53:32.117+03:00  INFO 7616 --- [kafka] [restartedMain] .s.d.r.c.RepositoryConfigurationDelegate : Finished Spring Data repository scanning in 57 ms. Found 5 JPA repository interfaces.
2025-01-16T16:53:32.903+03:00  INFO 7616 --- [kafka] [restartedMain] o.s.b.w.embedded.tomcat.TomcatWebServer  : Tomcat initialized with port 8080 (http)
2025-01-16T16:53:32.921+03:00  INFO 7616 --- [kafka] [restartedMain] o.apache.catalina.core.StandardService   : Starting service [Tomcat]
2025-01-16T16:53:32.921+03:00  INFO 7616 --- [kafka] [restartedMain] o.apache.catalina.core.StandardEngine    : Starting Servlet engine: [Apache Tomcat/10.1.28]
2025-01-16T16:53:32.981+03:00  INFO 7616 --- [kafka] [restartedMain] o.a.c.c.C.[Tomcat].[localhost].[/]       : Initializing Spring embedded WebApplicationContext
2025-01-16T16:53:32.982+03:00  INFO 7616 --- [kafka] [restartedMain] w.s.c.ServletWebServerApplicationContext : Root WebApplicationContext: initialization completed in 1915 ms
2025-01-16T16:53:33.202+03:00  INFO 7616 --- [kafka] [restartedMain] o.hibernate.jpa.internal.util.LogHelper  : HHH000204: Processing PersistenceUnitInfo [name: default]
2025-01-16T16:53:33.260+03:00  INFO 7616 --- [kafka] [restartedMain] org.hibernate.Version                    : HHH000412: Hibernate ORM core version 6.5.2.Final
2025-01-16T16:53:33.292+03:00  INFO 7616 --- [kafka] [restartedMain] o.h.c.internal.RegionFactoryInitiator    : HHH000026: Second-level cache disabled
2025-01-16T16:53:33.632+03:00  INFO 7616 --- [kafka] [restartedMain] o.s.o.j.p.SpringPersistenceUnitInfo      : No LoadTimeWeaver setup: ignoring JPA class transformer
2025-01-16T16:53:33.659+03:00  INFO 7616 --- [kafka] [restartedMain] com.zaxxer.hikari.HikariDataSource       : HikariPool-1 - Starting...
2025-01-16T16:53:33.967+03:00  INFO 7616 --- [kafka] [restartedMain] com.zaxxer.hikari.pool.HikariPool        : HikariPool-1 - Added connection org.postgresql.jdbc.PgConnection@9c1df99
2025-01-16T16:53:33.968+03:00  INFO 7616 --- [kafka] [restartedMain] com.zaxxer.hikari.HikariDataSource       : HikariPool-1 - Start completed.
2025-01-16T16:53:35.003+03:00  INFO 7616 --- [kafka] [restartedMain] o.h.e.t.j.p.i.JtaPlatformInitiator       : HHH000489: No JTA platform available (set 'hibernate.transaction.jta.platform' to enable JTA platform integration)
2025-01-16T16:53:35.008+03:00  INFO 7616 --- [kafka] [restartedMain] j.LocalContainerEntityManagerFactoryBean : Initialized JPA EntityManagerFactory for persistence unit 'default'
2025-01-16T16:53:35.824+03:00  WARN 7616 --- [kafka] [restartedMain] JpaBaseConfiguration$JpaWebConfiguration : spring.jpa.open-in-view is enabled by default. Therefore, database queries may be performed during view rendering. Explicitly configure spring.jpa.open-in-view to disable this warning
2025-01-16T16:53:36.747+03:00  INFO 7616 --- [kafka] [restartedMain] o.s.b.d.a.OptionalLiveReloadServer       : LiveReload server is running on port 35729
2025-01-16T16:53:36.899+03:00  INFO 7616 --- [kafka] [restartedMain] o.s.b.w.embedded.tomcat.TomcatWebServer  : Tomcat started on port 8080 (http) with context path '/'
2025-01-16T16:53:36.959+03:00  INFO 7616 --- [kafka] [restartedMain] o.a.k.clients.consumer.ConsumerConfig    : ConsumerConfig values: 
	allow.auto.create.topics = true
	auto.commit.interval.ms = 5000
	auto.include.jmx.reporter = true
	auto.offset.reset = latest
	bootstrap.servers = [https://tcdd-kafka-kafka-listener1-bootstrap-tcdd-amq-streams-kafka.apps.ocp.tcdd.gov.tr:443]
	check.crcs = true
	client.dns.lookup = use_all_dns_ips
	client.id = consumer-my-group-1
	client.rack = 
	connections.max.idle.ms = 540000
	default.api.timeout.ms = 60000
	enable.auto.commit = false
	enable.metrics.push = true
	exclude.internal.topics = true
	fetch.max.bytes = 52428800
	fetch.max.wait.ms = 500
	fetch.min.bytes = 1
	group.id = my-group
	group.instance.id = null
	group.protocol = classic
	group.remote.assignor = null
	heartbeat.interval.ms = 3000
	interceptor.classes = []
	internal.leave.group.on.close = true
	internal.throw.on.fetch.stable.offset.unsupported = false
	isolation.level = read_uncommitted
	key.deserializer = class org.apache.kafka.common.serialization.StringDeserializer
	max.partition.fetch.bytes = 1048576
	max.poll.interval.ms = 300000
	max.poll.records = 500
	metadata.max.age.ms = 300000
	metric.reporters = []
	metrics.num.samples = 2
	metrics.recording.level = INFO
	metrics.sample.window.ms = 30000
	partition.assignment.strategy = [class org.apache.kafka.clients.consumer.RangeAssignor, class org.apache.kafka.clients.consumer.CooperativeStickyAssignor]
	receive.buffer.bytes = 65536
	reconnect.backoff.max.ms = 1000
	reconnect.backoff.ms = 50
	request.timeout.ms = 30000
	retry.backoff.max.ms = 1000
	retry.backoff.ms = 100
	sasl.client.callback.handler.class = null
	sasl.jaas.config = null
	sasl.kerberos.kinit.cmd = /usr/bin/kinit
	sasl.kerberos.min.time.before.relogin = 60000
	sasl.kerberos.service.name = null
	sasl.kerberos.ticket.renew.jitter = 0.05
	sasl.kerberos.ticket.renew.window.factor = 0.8
	sasl.login.callback.handler.class = null
	sasl.login.class = null
	sasl.login.connect.timeout.ms = null
	sasl.login.read.timeout.ms = null
	sasl.login.refresh.buffer.seconds = 300
	sasl.login.refresh.min.period.seconds = 60
	sasl.login.refresh.window.factor = 0.8
	sasl.login.refresh.window.jitter = 0.05
	sasl.login.retry.backoff.max.ms = 10000
	sasl.login.retry.backoff.ms = 100
	sasl.mechanism = GSSAPI
	sasl.oauthbearer.clock.skew.seconds = 30
	sasl.oauthbearer.expected.audience = null
	sasl.oauthbearer.expected.issuer = null
	sasl.oauthbearer.jwks.endpoint.refresh.ms = 3600000
	sasl.oauthbearer.jwks.endpoint.retry.backoff.max.ms = 10000
	sasl.oauthbearer.jwks.endpoint.retry.backoff.ms = 100
	sasl.oauthbearer.jwks.endpoint.url = null
	sasl.oauthbearer.scope.claim.name = scope
	sasl.oauthbearer.sub.claim.name = sub
	sasl.oauthbearer.token.endpoint.url = null
	security.protocol = SSL
	security.providers = null
	send.buffer.bytes = 131072
	session.timeout.ms = 45000
	socket.connection.setup.timeout.max.ms = 30000
	socket.connection.setup.timeout.ms = 10000
	ssl.cipher.suites = null
	ssl.enabled.protocols = [TLSv1.2, TLSv1.3]
	ssl.endpoint.identification.algorithm = https
	ssl.engine.factory.class = null
	ssl.key.password = null
	ssl.keymanager.algorithm = SunX509
	ssl.keystore.certificate.chain = null
	ssl.keystore.key = null
	ssl.keystore.location = C:\Users\45868582848\Desktop\ssl\user.p12
	ssl.keystore.password = [hidden]
	ssl.keystore.type = PKCS12
	ssl.protocol = TLSv1.3
	ssl.provider = null
	ssl.secure.random.implementation = null
	ssl.trustmanager.algorithm = PKIX
	ssl.truststore.certificates = null
	ssl.truststore.location = C:\Users\45868582848\Desktop\ssl\ca.p12
	ssl.truststore.password = [hidden]
	ssl.truststore.type = PKCS12
	value.deserializer = class org.apache.kafka.common.serialization.StringDeserializer

2025-01-16T16:53:37.020+03:00  INFO 7616 --- [kafka] [restartedMain] o.a.k.c.t.i.KafkaMetricsCollector        : initializing Kafka metrics collector
2025-01-16T16:53:37.417+03:00  INFO 7616 --- [kafka] [restartedMain] o.a.kafka.common.utils.AppInfoParser     : Kafka version: 3.7.1
2025-01-16T16:53:37.417+03:00  INFO 7616 --- [kafka] [restartedMain] o.a.kafka.common.utils.AppInfoParser     : Kafka commitId: e2494e6ffb89f828
2025-01-16T16:53:37.417+03:00  INFO 7616 --- [kafka] [restartedMain] o.a.kafka.common.utils.AppInfoParser     : Kafka startTimeMs: 1737035617415
2025-01-16T16:53:37.424+03:00  INFO 7616 --- [kafka] [restartedMain] o.a.k.c.c.internals.LegacyKafkaConsumer  : [Consumer clientId=consumer-my-group-1, groupId=my-group] Subscribed to topic(s): test-topic
2025-01-16T16:53:37.449+03:00  INFO 7616 --- [kafka] [restartedMain] com.demo.kafka.KafkaApplication          : Started KafkaApplication in 7.061 seconds (process running for 7.613)
2025-01-16T16:53:38.127+03:00  INFO 7616 --- [kafka] [org.springframework.kafka.KafkaListenerEndpointContainer#0-0-C-1] org.apache.kafka.clients.Metadata        : [Consumer clientId=consumer-my-group-1, groupId=my-group] Cluster ID: 63qcyjAGSXekLTVKL9AVOw
2025-01-16T16:53:38.129+03:00  INFO 7616 --- [kafka] [org.springframework.kafka.KafkaListenerEndpointContainer#0-0-C-1] o.a.k.c.c.internals.ConsumerCoordinator  : [Consumer clientId=consumer-my-group-1, groupId=my-group] Discovered group coordinator tcdd-kafka-kafka-listener1-2-tcdd-amq-streams-kafka.apps.ocp.tcdd.gov.tr:443 (id: 2147483645 rack: null)
2025-01-16T16:53:38.133+03:00  INFO 7616 --- [kafka] [org.springframework.kafka.KafkaListenerEndpointContainer#0-0-C-1] o.a.k.c.c.internals.ConsumerCoordinator  : [Consumer clientId=consumer-my-group-1, groupId=my-group] (Re-)joining group
2025-01-16T16:53:38.203+03:00  INFO 7616 --- [kafka] [org.springframework.kafka.KafkaListenerEndpointContainer#0-0-C-1] o.a.k.c.c.internals.ConsumerCoordinator  : [Consumer clientId=consumer-my-group-1, groupId=my-group] Request joining group due to: need to re-join with the given member-id: consumer-my-group-1-9366e14b-1769-4ed9-8937-4455c516664b
2025-01-16T16:53:38.204+03:00  INFO 7616 --- [kafka] [org.springframework.kafka.KafkaListenerEndpointContainer#0-0-C-1] o.a.k.c.c.internals.ConsumerCoordinator  : [Consumer clientId=consumer-my-group-1, groupId=my-group] (Re-)joining group
2025-01-16T16:53:41.212+03:00  INFO 7616 --- [kafka] [org.springframework.kafka.KafkaListenerEndpointContainer#0-0-C-1] o.a.k.c.c.internals.ConsumerCoordinator  : [Consumer clientId=consumer-my-group-1, groupId=my-group] Successfully joined group with generation Generation{generationId=91, memberId='consumer-my-group-1-9366e14b-1769-4ed9-8937-4455c516664b', protocol='range'}
2025-01-16T16:53:41.218+03:00  INFO 7616 --- [kafka] [org.springframework.kafka.KafkaListenerEndpointContainer#0-0-C-1] o.a.k.c.c.internals.ConsumerCoordinator  : [Consumer clientId=consumer-my-group-1, groupId=my-group] Finished assignment for group at generation 91: {consumer-my-group-1-9366e14b-1769-4ed9-8937-4455c516664b=Assignment(partitions=[test-topic-0])}
2025-01-16T16:53:41.230+03:00  INFO 7616 --- [kafka] [org.springframework.kafka.KafkaListenerEndpointContainer#0-0-C-1] o.a.k.c.c.internals.ConsumerCoordinator  : [Consumer clientId=consumer-my-group-1, groupId=my-group] Successfully synced group in generation Generation{generationId=91, memberId='consumer-my-group-1-9366e14b-1769-4ed9-8937-4455c516664b', protocol='range'}
2025-01-16T16:53:41.230+03:00  INFO 7616 --- [kafka] [org.springframework.kafka.KafkaListenerEndpointContainer#0-0-C-1] o.a.k.c.c.internals.ConsumerCoordinator  : [Consumer clientId=consumer-my-group-1, groupId=my-group] Notifying assignor about the new Assignment(partitions=[test-topic-0])
2025-01-16T16:53:41.233+03:00  INFO 7616 --- [kafka] [org.springframework.kafka.KafkaListenerEndpointContainer#0-0-C-1] k.c.c.i.ConsumerRebalanceListenerInvoker : [Consumer clientId=consumer-my-group-1, groupId=my-group] Adding newly assigned partitions: test-topic-0
2025-01-16T16:53:41.246+03:00  INFO 7616 --- [kafka] [org.springframework.kafka.KafkaListenerEndpointContainer#0-0-C-1] o.a.k.c.c.internals.ConsumerUtils        : Setting offset for partition test-topic-0 to the committed offset FetchPosition{offset=30, offsetEpoch=Optional.empty, currentLeader=LeaderAndEpoch{leader=Optional[tcdd-kafka-kafka-listener1-2-tcdd-amq-streams-kafka.apps.ocp.tcdd.gov.tr:443 (id: 2 rack: null)], epoch=15}}
2025-01-16T16:53:41.248+03:00  INFO 7616 --- [kafka] [org.springframework.kafka.KafkaListenerEndpointContainer#0-0-C-1] o.s.k.l.KafkaMessageListenerContainer    : my-group: partitions assigned: [test-topic-0]
2025-01-16T16:54:00.254+03:00  INFO 7616 --- [kafka] [org.springframework.kafka.KafkaListenerEndpointContainer#0-0-C-1] k.c.c.i.ConsumerRebalanceListenerInvoker : [Consumer clientId=consumer-my-group-1, groupId=my-group] Revoke previously assigned partitions test-topic-0
2025-01-16T16:54:00.255+03:00  INFO 7616 --- [kafka] [org.springframework.kafka.KafkaListenerEndpointContainer#0-0-C-1] o.s.k.l.KafkaMessageListenerContainer    : my-group: partitions revoked: [test-topic-0]
2025-01-16T16:54:00.255+03:00  INFO 7616 --- [kafka] [org.springframework.kafka.KafkaListenerEndpointContainer#0-0-C-1] o.a.k.c.c.internals.ConsumerCoordinator  : [Consumer clientId=consumer-my-group-1, groupId=my-group] Member consumer-my-group-1-9366e14b-1769-4ed9-8937-4455c516664b sending LeaveGroup request to coordinator tcdd-kafka-kafka-listener1-2-tcdd-amq-streams-kafka.apps.ocp.tcdd.gov.tr:443 (id: 2147483645 rack: null) due to the consumer unsubscribed from all topics
2025-01-16T16:54:00.257+03:00  INFO 7616 --- [kafka] [org.springframework.kafka.KafkaListenerEndpointContainer#0-0-C-1] o.a.k.c.c.internals.ConsumerCoordinator  : [Consumer clientId=consumer-my-group-1, groupId=my-group] Resetting generation and member id due to: consumer pro-actively leaving the group
2025-01-16T16:54:00.257+03:00  INFO 7616 --- [kafka] [org.springframework.kafka.KafkaListenerEndpointContainer#0-0-C-1] o.a.k.c.c.internals.ConsumerCoordinator  : [Consumer clientId=consumer-my-group-1, groupId=my-group] Request joining group due to: consumer pro-actively leaving the group
2025-01-16T16:54:00.257+03:00  INFO 7616 --- [kafka] [org.springframework.kafka.KafkaListenerEndpointContainer#0-0-C-1] o.a.k.c.c.internals.LegacyKafkaConsumer  : [Consumer clientId=consumer-my-group-1, groupId=my-group] Unsubscribed all topics or patterns and assigned partitions
2025-01-16T16:54:00.258+03:00  INFO 7616 --- [kafka] [org.springframework.kafka.KafkaListenerEndpointContainer#0-0-C-1] o.a.k.c.c.internals.ConsumerCoordinator  : [Consumer clientId=consumer-my-group-1, groupId=my-group] Resetting generation and member id due to: consumer pro-actively leaving the group
2025-01-16T16:54:00.258+03:00  INFO 7616 --- [kafka] [org.springframework.kafka.KafkaListenerEndpointContainer#0-0-C-1] o.a.k.c.c.internals.ConsumerCoordinator  : [Consumer clientId=consumer-my-group-1, groupId=my-group] Request joining group due to: consumer pro-actively leaving the group
2025-01-16T16:54:00.513+03:00  INFO 7616 --- [kafka] [org.springframework.kafka.KafkaListenerEndpointContainer#0-0-C-1] o.apache.kafka.common.metrics.Metrics    : Metrics scheduler closed
2025-01-16T16:54:00.513+03:00  INFO 7616 --- [kafka] [org.springframework.kafka.KafkaListenerEndpointContainer#0-0-C-1] o.apache.kafka.common.metrics.Metrics    : Closing reporter org.apache.kafka.common.metrics.JmxReporter
2025-01-16T16:54:00.514+03:00  INFO 7616 --- [kafka] [org.springframework.kafka.KafkaListenerEndpointContainer#0-0-C-1] o.apache.kafka.common.metrics.Metrics    : Closing reporter org.apache.kafka.common.telemetry.internals.ClientTelemetryReporter
2025-01-16T16:54:00.514+03:00  INFO 7616 --- [kafka] [org.springframework.kafka.KafkaListenerEndpointContainer#0-0-C-1] o.apache.kafka.common.metrics.Metrics    : Metrics reporters closed
2025-01-16T16:54:00.522+03:00  INFO 7616 --- [kafka] [org.springframework.kafka.KafkaListenerEndpointContainer#0-0-C-1] o.a.kafka.common.utils.AppInfoParser     : App info kafka.consumer for consumer-my-group-1 unregistered
2025-01-16T16:54:00.523+03:00  INFO 7616 --- [kafka] [org.springframework.kafka.KafkaListenerEndpointContainer#0-0-C-1] o.s.k.l.KafkaMessageListenerContainer    : my-group: Consumer stopped
2025-01-16T16:54:00.544+03:00  INFO 7616 --- [kafka] [SpringApplicationShutdownHook] j.LocalContainerEntityManagerFactoryBean : Closing JPA EntityManagerFactory for persistence unit 'default'
2025-01-16T16:54:00.549+03:00  INFO 7616 --- [kafka] [SpringApplicationShutdownHook] com.zaxxer.hikari.HikariDataSource       : HikariPool-1 - Shutdown initiated...
2025-01-16T16:54:00.570+03:00  INFO 7616 --- [kafka] [SpringApplicationShutdownHook] com.zaxxer.hikari.HikariDataSource       : HikariPool-1 - Shutdown completed.
2025-01-16T16:54:03.850+03:00  INFO 27340 --- [kafka] [restartedMain] com.demo.kafka.KafkaApplication          : Starting KafkaApplication using Java 22.0.1 with PID 27340 (C:\Users\45868582848\IdeaProjects\kafka\target\classes started by 45868582848 in C:\Users\45868582848\IdeaProjects\kafka)
2025-01-16T16:54:03.854+03:00  INFO 27340 --- [kafka] [restartedMain] com.demo.kafka.KafkaApplication          : No active profile set, falling back to 1 default profile: "default"
2025-01-16T16:54:03.933+03:00  INFO 27340 --- [kafka] [restartedMain] .e.DevToolsPropertyDefaultsPostProcessor : Devtools property defaults active! Set 'spring.devtools.add-properties' to 'false' to disable
2025-01-16T16:54:03.933+03:00  INFO 27340 --- [kafka] [restartedMain] .e.DevToolsPropertyDefaultsPostProcessor : For additional web related logging consider setting the 'logging.level.web' property to 'DEBUG'
2025-01-16T16:54:05.171+03:00  INFO 27340 --- [kafka] [restartedMain] .s.d.r.c.RepositoryConfigurationDelegate : Bootstrapping Spring Data JPA repositories in DEFAULT mode.
2025-01-16T16:54:05.258+03:00  INFO 27340 --- [kafka] [restartedMain] .s.d.r.c.RepositoryConfigurationDelegate : Finished Spring Data repository scanning in 70 ms. Found 5 JPA repository interfaces.
2025-01-16T16:54:06.227+03:00  INFO 27340 --- [kafka] [restartedMain] o.s.b.w.embedded.tomcat.TomcatWebServer  : Tomcat initialized with port 8080 (http)
2025-01-16T16:54:06.250+03:00  INFO 27340 --- [kafka] [restartedMain] o.apache.catalina.core.StandardService   : Starting service [Tomcat]
2025-01-16T16:54:06.251+03:00  INFO 27340 --- [kafka] [restartedMain] o.apache.catalina.core.StandardEngine    : Starting Servlet engine: [Apache Tomcat/10.1.28]
2025-01-16T16:54:06.334+03:00  INFO 27340 --- [kafka] [restartedMain] o.a.c.c.C.[Tomcat].[localhost].[/]       : Initializing Spring embedded WebApplicationContext
2025-01-16T16:54:06.335+03:00  INFO 27340 --- [kafka] [restartedMain] w.s.c.ServletWebServerApplicationContext : Root WebApplicationContext: initialization completed in 2401 ms
2025-01-16T16:54:06.584+03:00  INFO 27340 --- [kafka] [restartedMain] o.hibernate.jpa.internal.util.LogHelper  : HHH000204: Processing PersistenceUnitInfo [name: default]
2025-01-16T16:54:06.670+03:00  INFO 27340 --- [kafka] [restartedMain] org.hibernate.Version                    : HHH000412: Hibernate ORM core version 6.5.2.Final
2025-01-16T16:54:06.720+03:00  INFO 27340 --- [kafka] [restartedMain] o.h.c.internal.RegionFactoryInitiator    : HHH000026: Second-level cache disabled
2025-01-16T16:54:07.113+03:00  INFO 27340 --- [kafka] [restartedMain] o.s.o.j.p.SpringPersistenceUnitInfo      : No LoadTimeWeaver setup: ignoring JPA class transformer
2025-01-16T16:54:07.141+03:00  INFO 27340 --- [kafka] [restartedMain] com.zaxxer.hikari.HikariDataSource       : HikariPool-1 - Starting...
2025-01-16T16:54:07.492+03:00  INFO 27340 --- [kafka] [restartedMain] com.zaxxer.hikari.pool.HikariPool        : HikariPool-1 - Added connection org.postgresql.jdbc.PgConnection@1f36bdf7
2025-01-16T16:54:07.495+03:00  INFO 27340 --- [kafka] [restartedMain] com.zaxxer.hikari.HikariDataSource       : HikariPool-1 - Start completed.
2025-01-16T16:54:08.556+03:00  INFO 27340 --- [kafka] [restartedMain] o.h.e.t.j.p.i.JtaPlatformInitiator       : HHH000489: No JTA platform available (set 'hibernate.transaction.jta.platform' to enable JTA platform integration)
2025-01-16T16:54:08.559+03:00  INFO 27340 --- [kafka] [restartedMain] j.LocalContainerEntityManagerFactoryBean : Initialized JPA EntityManagerFactory for persistence unit 'default'
2025-01-16T16:54:09.266+03:00  WARN 27340 --- [kafka] [restartedMain] JpaBaseConfiguration$JpaWebConfiguration : spring.jpa.open-in-view is enabled by default. Therefore, database queries may be performed during view rendering. Explicitly configure spring.jpa.open-in-view to disable this warning
2025-01-16T16:54:10.026+03:00  INFO 27340 --- [kafka] [restartedMain] o.s.b.d.a.OptionalLiveReloadServer       : LiveReload server is running on port 35729
2025-01-16T16:54:10.071+03:00  INFO 27340 --- [kafka] [restartedMain] o.s.b.w.embedded.tomcat.TomcatWebServer  : Tomcat started on port 8080 (http) with context path '/'
2025-01-16T16:54:10.087+03:00  INFO 27340 --- [kafka] [restartedMain] com.demo.kafka.KafkaApplication          : Started KafkaApplication in 6.92 seconds (process running for 7.549)
2025-01-16T16:54:14.307+03:00  INFO 27340 --- [kafka] [SpringApplicationShutdownHook] j.LocalContainerEntityManagerFactoryBean : Closing JPA EntityManagerFactory for persistence unit 'default'
2025-01-16T16:54:14.311+03:00  INFO 27340 --- [kafka] [SpringApplicationShutdownHook] com.zaxxer.hikari.HikariDataSource       : HikariPool-1 - Shutdown initiated...
2025-01-16T16:54:14.330+03:00  INFO 27340 --- [kafka] [SpringApplicationShutdownHook] com.zaxxer.hikari.HikariDataSource       : HikariPool-1 - Shutdown completed.
